[2017-05-12 23:02:23,872] DEBUG preRegister called. Server=com.sun.jmx.mbeanserver.JmxMBeanServer@66d3c617, name=log4j:logger=kafka.controller (kafka.controller)
[2017-05-12 23:10:03,031] DEBUG preRegister called. Server=com.sun.jmx.mbeanserver.JmxMBeanServer@66d3c617, name=log4j:logger=kafka.controller (kafka.controller)
[2017-05-12 23:10:42,958] INFO [Controller 1]: Controller starting up (kafka.controller.KafkaController)
[2017-05-12 23:10:42,976] INFO [Controller 1]: Broker 1 starting become controller state transition (kafka.controller.KafkaController)
[2017-05-12 23:10:42,977] INFO [Controller 1]: Initialized controller epoch to 1 and zk version 0 (kafka.controller.KafkaController)
[2017-05-12 23:10:42,981] INFO [Controller 1]: Controller 1 incremented epoch to 2 (kafka.controller.KafkaController)
[2017-05-12 23:10:42,982] DEBUG [Controller 1]: Registering IsrChangeNotificationListener (kafka.controller.KafkaController)
[2017-05-12 23:10:42,992] INFO [Controller 1]: Partitions undergoing preferred replica election:  (kafka.controller.KafkaController)
[2017-05-12 23:10:42,992] INFO [Controller 1]: Partitions that completed preferred replica election:  (kafka.controller.KafkaController)
[2017-05-12 23:10:42,992] INFO [Controller 1]: Resuming preferred replica election for partitions:  (kafka.controller.KafkaController)
[2017-05-12 23:10:42,995] INFO [Controller 1]: Partitions being reassigned: Map() (kafka.controller.KafkaController)
[2017-05-12 23:10:42,995] INFO [Controller 1]: Partitions already reassigned: Set() (kafka.controller.KafkaController)
[2017-05-12 23:10:42,996] INFO [Controller 1]: Resuming reassignment of partitions: Map() (kafka.controller.KafkaController)
[2017-05-12 23:10:42,998] INFO [Controller 1]: List of topics to be deleted:  (kafka.controller.KafkaController)
[2017-05-12 23:10:42,998] INFO [Controller 1]: List of topics ineligible for deletion:  (kafka.controller.KafkaController)
[2017-05-12 23:10:43,000] INFO [Controller 1]: Currently active brokers in the cluster: Set() (kafka.controller.KafkaController)
[2017-05-12 23:10:43,000] INFO [Controller 1]: Currently shutting brokers in the cluster: Set() (kafka.controller.KafkaController)
[2017-05-12 23:10:43,000] INFO [Controller 1]: Current list of topics in the cluster: Set() (kafka.controller.KafkaController)
[2017-05-12 23:10:43,012] INFO [Replica state machine on controller 1]: Started replica state machine with initial state -> Map() (kafka.controller.ReplicaStateMachine)
[2017-05-12 23:10:43,013] INFO [Partition state machine on Controller 1]: Started partition state machine with initial state -> Map() (kafka.controller.PartitionStateMachine)
[2017-05-12 23:10:43,014] INFO [Controller 1]: Broker 1 is ready to serve as the new controller with epoch 2 (kafka.controller.KafkaController)
[2017-05-12 23:10:43,014] INFO [Controller 1]: Starting preferred replica leader election for partitions  (kafka.controller.KafkaController)
[2017-05-12 23:10:43,015] INFO [Partition state machine on Controller 1]: Invoking state change to OnlinePartition for partitions  (kafka.controller.PartitionStateMachine)
[2017-05-12 23:10:43,019] INFO [Controller 1]: starting the partition rebalance scheduler (kafka.controller.KafkaController)
[2017-05-12 23:10:43,019] INFO [Controller 1]: Controller startup complete (kafka.controller.KafkaController)
[2017-05-12 23:10:48,022] TRACE [Controller 1]: checking need to trigger partition rebalance (kafka.controller.KafkaController)
[2017-05-12 23:10:48,032] DEBUG [Controller 1]: preferred replicas by broker Map() (kafka.controller.KafkaController)
[2017-05-12 23:10:48,065] INFO [BrokerChangeListener on Controller 1]: Broker change listener fired for path /brokers/ids with children 1 (kafka.controller.ReplicaStateMachine$BrokerChangeListener)
[2017-05-12 23:10:48,082] INFO [BrokerChangeListener on Controller 1]: Newly added brokers: 1, deleted brokers: , all live brokers: 1 (kafka.controller.ReplicaStateMachine$BrokerChangeListener)
[2017-05-12 23:10:48,083] DEBUG [Channel manager on controller 1]: Controller 1 trying to connect to broker 1 (kafka.controller.ControllerChannelManager)
[2017-05-12 23:10:48,088] INFO [Controller-1-to-broker-1-send-thread], Starting  (kafka.controller.RequestSendThread)
[2017-05-12 23:10:48,088] INFO [Controller 1]: New broker startup callback for 1 (kafka.controller.KafkaController)
[2017-05-12 23:10:48,093] INFO [Controller-1-to-broker-1-send-thread], Controller 1 connected to 10.0.1.3:9092 (id: 1 rack: null) for sending state change requests (kafka.controller.RequestSendThread)
[2017-05-12 23:11:44,826] INFO [Controller 1]: Shutting down broker 1 (kafka.controller.KafkaController)
[2017-05-12 23:11:44,827] DEBUG [Controller 1]: All shutting down brokers: 1 (kafka.controller.KafkaController)
[2017-05-12 23:11:44,827] DEBUG [Controller 1]: Live brokers:  (kafka.controller.KafkaController)
[2017-05-12 23:11:44,828] TRACE [Controller 1]: All leaders =  (kafka.controller.KafkaController)
[2017-05-12 23:11:46,534] DEBUG [Controller 1]: Controller resigning, broker id 1 (kafka.controller.KafkaController)
[2017-05-12 23:11:46,534] DEBUG [Controller 1]: De-registering IsrChangeNotificationListener (kafka.controller.KafkaController)
[2017-05-12 23:11:46,535] INFO [Partition state machine on Controller 1]: Stopped partition state machine (kafka.controller.PartitionStateMachine)
[2017-05-12 23:11:46,535] INFO [Replica state machine on controller 1]: Stopped replica state machine (kafka.controller.ReplicaStateMachine)
[2017-05-12 23:11:46,536] INFO [Controller-1-to-broker-1-send-thread], Shutting down (kafka.controller.RequestSendThread)
[2017-05-12 23:11:46,536] INFO [Controller-1-to-broker-1-send-thread], Stopped  (kafka.controller.RequestSendThread)
[2017-05-12 23:11:46,536] INFO [Controller-1-to-broker-1-send-thread], Shutdown completed (kafka.controller.RequestSendThread)
[2017-05-12 23:11:46,537] INFO [Controller 1]: Broker 1 resigned as the controller (kafka.controller.KafkaController)
