[2017-05-12 23:10:37,353] INFO KafkaConfig values: 
	advertised.host.name = null
	advertised.listeners = null
	advertised.port = null
	authorizer.class.name = 
	auto.create.topics.enable = true
	auto.leader.rebalance.enable = true
	background.threads = 10
	broker.id = 1
	broker.id.generation.enable = true
	broker.rack = null
	compression.type = producer
	connections.max.idle.ms = 600000
	controlled.shutdown.enable = true
	controlled.shutdown.max.retries = 3
	controlled.shutdown.retry.backoff.ms = 5000
	controller.socket.timeout.ms = 30000
	create.topic.policy.class.name = null
	default.replication.factor = 1
	delete.topic.enable = false
	fetch.purgatory.purge.interval.requests = 1000
	group.max.session.timeout.ms = 300000
	group.min.session.timeout.ms = 6000
	host.name = 
	inter.broker.listener.name = null
	inter.broker.protocol.version = 0.10.2-IV0
	leader.imbalance.check.interval.seconds = 300
	leader.imbalance.per.broker.percentage = 10
	listener.security.protocol.map = SSL:SSL,SASL_PLAINTEXT:SASL_PLAINTEXT,TRACE:TRACE,SASL_SSL:SASL_SSL,PLAINTEXT:PLAINTEXT
	listeners = null
	log.cleaner.backoff.ms = 15000
	log.cleaner.dedupe.buffer.size = 134217728
	log.cleaner.delete.retention.ms = 86400000
	log.cleaner.enable = true
	log.cleaner.io.buffer.load.factor = 0.9
	log.cleaner.io.buffer.size = 524288
	log.cleaner.io.max.bytes.per.second = 1.7976931348623157E308
	log.cleaner.min.cleanable.ratio = 0.5
	log.cleaner.min.compaction.lag.ms = 0
	log.cleaner.threads = 1
	log.cleanup.policy = [delete]
	log.dir = /tmp/kafka-logs
	log.dirs = data/kafka-logs
	log.flush.interval.messages = 9223372036854775807
	log.flush.interval.ms = null
	log.flush.offset.checkpoint.interval.ms = 60000
	log.flush.scheduler.interval.ms = 9223372036854775807
	log.index.interval.bytes = 4096
	log.index.size.max.bytes = 10485760
	log.message.format.version = 0.10.2-IV0
	log.message.timestamp.difference.max.ms = 9223372036854775807
	log.message.timestamp.type = CreateTime
	log.preallocate = false
	log.retention.bytes = -1
	log.retention.check.interval.ms = 300000
	log.retention.hours = 168
	log.retention.minutes = null
	log.retention.ms = null
	log.roll.hours = 168
	log.roll.jitter.hours = 0
	log.roll.jitter.ms = null
	log.roll.ms = null
	log.segment.bytes = 1073741824
	log.segment.delete.delay.ms = 60000
	max.connections.per.ip = 2147483647
	max.connections.per.ip.overrides = 
	message.max.bytes = 1000012
	metric.reporters = []
	metrics.num.samples = 2
	metrics.recording.level = INFO
	metrics.sample.window.ms = 30000
	min.insync.replicas = 1
	num.io.threads = 8
	num.network.threads = 3
	num.partitions = 1
	num.recovery.threads.per.data.dir = 1
	num.replica.fetchers = 1
	offset.metadata.max.bytes = 4096
	offsets.commit.required.acks = -1
	offsets.commit.timeout.ms = 5000
	offsets.load.buffer.size = 5242880
	offsets.retention.check.interval.ms = 600000
	offsets.retention.minutes = 1440
	offsets.topic.compression.codec = 0
	offsets.topic.num.partitions = 50
	offsets.topic.replication.factor = 3
	offsets.topic.segment.bytes = 104857600
	port = 9092
	principal.builder.class = class org.apache.kafka.common.security.auth.DefaultPrincipalBuilder
	producer.purgatory.purge.interval.requests = 1000
	queued.max.requests = 500
	quota.consumer.default = 9223372036854775807
	quota.producer.default = 9223372036854775807
	quota.window.num = 11
	quota.window.size.seconds = 1
	replica.fetch.backoff.ms = 1000
	replica.fetch.max.bytes = 1048576
	replica.fetch.min.bytes = 1
	replica.fetch.response.max.bytes = 10485760
	replica.fetch.wait.max.ms = 500
	replica.high.watermark.checkpoint.interval.ms = 5000
	replica.lag.time.max.ms = 10000
	replica.socket.receive.buffer.bytes = 65536
	replica.socket.timeout.ms = 30000
	replication.quota.window.num = 11
	replication.quota.window.size.seconds = 1
	request.timeout.ms = 30000
	reserved.broker.max.id = 1000
	sasl.enabled.mechanisms = [GSSAPI]
	sasl.kerberos.kinit.cmd = /usr/bin/kinit
	sasl.kerberos.min.time.before.relogin = 60000
	sasl.kerberos.principal.to.local.rules = [DEFAULT]
	sasl.kerberos.service.name = null
	sasl.kerberos.ticket.renew.jitter = 0.05
	sasl.kerberos.ticket.renew.window.factor = 0.8
	sasl.mechanism.inter.broker.protocol = GSSAPI
	security.inter.broker.protocol = PLAINTEXT
	socket.receive.buffer.bytes = 102400
	socket.request.max.bytes = 104857600
	socket.send.buffer.bytes = 102400
	ssl.cipher.suites = null
	ssl.client.auth = none
	ssl.enabled.protocols = [TLSv1.2, TLSv1.1, TLSv1]
	ssl.endpoint.identification.algorithm = null
	ssl.key.password = null
	ssl.keymanager.algorithm = SunX509
	ssl.keystore.location = null
	ssl.keystore.password = null
	ssl.keystore.type = JKS
	ssl.protocol = TLS
	ssl.provider = null
	ssl.secure.random.implementation = null
	ssl.trustmanager.algorithm = PKIX
	ssl.truststore.location = null
	ssl.truststore.password = null
	ssl.truststore.type = JKS
	unclean.leader.election.enable = true
	zookeeper.connect = localhost:2181
	zookeeper.connection.timeout.ms = 6000
	zookeeper.session.timeout.ms = 6000
	zookeeper.set.acl = false
	zookeeper.sync.time.ms = 2000
 (kafka.server.KafkaConfig)
[2017-05-12 23:10:37,394] INFO starting (kafka.server.KafkaServer)
[2017-05-12 23:10:37,396] INFO Connecting to zookeeper on localhost:2181 (kafka.server.KafkaServer)
[2017-05-12 23:10:42,790] INFO Cluster ID = SWHif6sJQAyrWLcsjCprZg (kafka.server.KafkaServer)
[2017-05-12 23:10:42,804] INFO [ThrottledRequestReaper-Fetch], Starting  (kafka.server.ClientQuotaManager$ThrottledRequestReaper)
[2017-05-12 23:10:42,805] INFO [ThrottledRequestReaper-Produce], Starting  (kafka.server.ClientQuotaManager$ThrottledRequestReaper)
[2017-05-12 23:10:42,834] INFO Loading logs. (kafka.log.LogManager)
[2017-05-12 23:10:42,839] INFO Logs loading complete in 5 ms. (kafka.log.LogManager)
[2017-05-12 23:10:42,899] INFO Starting log cleanup with a period of 300000 ms. (kafka.log.LogManager)
[2017-05-12 23:10:42,900] INFO Starting log flusher with a default period of 9223372036854775807 ms. (kafka.log.LogManager)
[2017-05-12 23:10:42,928] INFO Awaiting socket connections on 0.0.0.0:9092. (kafka.network.Acceptor)
[2017-05-12 23:10:42,930] INFO [Socket Server on Broker 1], Started 1 acceptor threads (kafka.network.SocketServer)
[2017-05-12 23:10:42,942] INFO [ExpirationReaper-1], Starting  (kafka.server.DelayedOperationPurgatory$ExpiredOperationReaper)
[2017-05-12 23:10:42,942] INFO [ExpirationReaper-1], Starting  (kafka.server.DelayedOperationPurgatory$ExpiredOperationReaper)
[2017-05-12 23:10:42,968] INFO Creating /controller (is it secure? false) (kafka.utils.ZKCheckedEphemeral)
[2017-05-12 23:10:42,975] INFO Result of znode creation is: OK (kafka.utils.ZKCheckedEphemeral)
[2017-05-12 23:10:42,976] INFO 1 successfully elected as leader (kafka.server.ZookeeperLeaderElector)
[2017-05-12 23:10:43,022] INFO [ExpirationReaper-1], Starting  (kafka.server.DelayedOperationPurgatory$ExpiredOperationReaper)
[2017-05-12 23:10:43,024] INFO [ExpirationReaper-1], Starting  (kafka.server.DelayedOperationPurgatory$ExpiredOperationReaper)
[2017-05-12 23:10:43,025] INFO [ExpirationReaper-1], Starting  (kafka.server.DelayedOperationPurgatory$ExpiredOperationReaper)
[2017-05-12 23:10:43,028] INFO New leader is 1 (kafka.server.ZookeeperLeaderElector$LeaderChangeListener)
[2017-05-12 23:10:43,032] INFO [GroupCoordinator 1]: Starting up. (kafka.coordinator.GroupCoordinator)
[2017-05-12 23:10:43,032] INFO [GroupCoordinator 1]: Startup complete. (kafka.coordinator.GroupCoordinator)
[2017-05-12 23:10:43,033] INFO [Group Metadata Manager on Broker 1]: Removed 0 expired offsets in 1 milliseconds. (kafka.coordinator.GroupMetadataManager)
[2017-05-12 23:10:43,043] INFO Will not load MX4J, mx4j-tools.jar is not in the classpath (kafka.utils.Mx4jLoader$)
[2017-05-12 23:10:48,061] INFO Creating /brokers/ids/1 (is it secure? false) (kafka.utils.ZKCheckedEphemeral)
[2017-05-12 23:10:48,064] INFO Result of znode creation is: OK (kafka.utils.ZKCheckedEphemeral)
[2017-05-12 23:10:48,065] INFO Registered broker 1 at path /brokers/ids/1 with addresses: EndPoint(10.0.1.3,9092,ListenerName(PLAINTEXT),PLAINTEXT) (kafka.utils.ZkUtils)
[2017-05-12 23:10:48,073] INFO [Kafka Server 1], started (kafka.server.KafkaServer)
[2017-05-12 23:11:44,804] INFO [Kafka Server 1], shutting down (kafka.server.KafkaServer)
[2017-05-12 23:11:44,805] INFO [Kafka Server 1], Starting controlled shutdown (kafka.server.KafkaServer)
[2017-05-12 23:11:44,831] INFO [Kafka Server 1], Controlled shutdown succeeded (kafka.server.KafkaServer)
[2017-05-12 23:11:44,833] INFO [Socket Server on Broker 1], Shutting down (kafka.network.SocketServer)
[2017-05-12 23:11:44,838] INFO [Socket Server on Broker 1], Shutdown completed (kafka.network.SocketServer)
[2017-05-12 23:11:44,839] INFO [Kafka Request Handler on Broker 1], shutting down (kafka.server.KafkaRequestHandlerPool)
[2017-05-12 23:11:44,840] INFO [Kafka Request Handler on Broker 1], shut down completely (kafka.server.KafkaRequestHandlerPool)
[2017-05-12 23:11:44,843] INFO [ThrottledRequestReaper-Fetch], Shutting down (kafka.server.ClientQuotaManager$ThrottledRequestReaper)
[2017-05-12 23:11:44,952] INFO [ThrottledRequestReaper-Fetch], Stopped  (kafka.server.ClientQuotaManager$ThrottledRequestReaper)
[2017-05-12 23:11:44,952] INFO [ThrottledRequestReaper-Fetch], Shutdown completed (kafka.server.ClientQuotaManager$ThrottledRequestReaper)
[2017-05-12 23:11:44,952] INFO [ThrottledRequestReaper-Produce], Shutting down (kafka.server.ClientQuotaManager$ThrottledRequestReaper)
[2017-05-12 23:11:45,954] INFO [ThrottledRequestReaper-Produce], Stopped  (kafka.server.ClientQuotaManager$ThrottledRequestReaper)
[2017-05-12 23:11:45,954] INFO [ThrottledRequestReaper-Produce], Shutdown completed (kafka.server.ClientQuotaManager$ThrottledRequestReaper)
[2017-05-12 23:11:45,954] INFO [KafkaApi-1] Shutdown complete. (kafka.server.KafkaApis)
[2017-05-12 23:11:45,955] INFO [Replica Manager on Broker 1]: Shutting down (kafka.server.ReplicaManager)
[2017-05-12 23:11:45,955] INFO [ReplicaFetcherManager on broker 1] shutting down (kafka.server.ReplicaFetcherManager)
[2017-05-12 23:11:45,956] INFO [ReplicaFetcherManager on broker 1] shutdown completed (kafka.server.ReplicaFetcherManager)
[2017-05-12 23:11:45,956] INFO [ExpirationReaper-1], Shutting down (kafka.server.DelayedOperationPurgatory$ExpiredOperationReaper)
[2017-05-12 23:11:46,019] INFO [ExpirationReaper-1], Shutdown completed (kafka.server.DelayedOperationPurgatory$ExpiredOperationReaper)
[2017-05-12 23:11:46,019] INFO [ExpirationReaper-1], Stopped  (kafka.server.DelayedOperationPurgatory$ExpiredOperationReaper)
[2017-05-12 23:11:46,019] INFO [ExpirationReaper-1], Shutting down (kafka.server.DelayedOperationPurgatory$ExpiredOperationReaper)
[2017-05-12 23:11:46,224] INFO [ExpirationReaper-1], Stopped  (kafka.server.DelayedOperationPurgatory$ExpiredOperationReaper)
[2017-05-12 23:11:46,224] INFO [ExpirationReaper-1], Shutdown completed (kafka.server.DelayedOperationPurgatory$ExpiredOperationReaper)
[2017-05-12 23:11:46,225] INFO [Replica Manager on Broker 1]: Shut down completely (kafka.server.ReplicaManager)
[2017-05-12 23:11:46,225] INFO [ExpirationReaper-1], Shutting down (kafka.server.DelayedOperationPurgatory$ExpiredOperationReaper)
[2017-05-12 23:11:46,321] INFO [ExpirationReaper-1], Stopped  (kafka.server.DelayedOperationPurgatory$ExpiredOperationReaper)
[2017-05-12 23:11:46,321] INFO [ExpirationReaper-1], Shutdown completed (kafka.server.DelayedOperationPurgatory$ExpiredOperationReaper)
[2017-05-12 23:11:46,322] INFO [GroupCoordinator 1]: Shutting down. (kafka.coordinator.GroupCoordinator)
[2017-05-12 23:11:46,322] INFO [ExpirationReaper-1], Shutting down (kafka.server.DelayedOperationPurgatory$ExpiredOperationReaper)
[2017-05-12 23:11:46,328] INFO [ExpirationReaper-1], Stopped  (kafka.server.DelayedOperationPurgatory$ExpiredOperationReaper)
[2017-05-12 23:11:46,328] INFO [ExpirationReaper-1], Shutdown completed (kafka.server.DelayedOperationPurgatory$ExpiredOperationReaper)
[2017-05-12 23:11:46,328] INFO [ExpirationReaper-1], Shutting down (kafka.server.DelayedOperationPurgatory$ExpiredOperationReaper)
[2017-05-12 23:11:46,529] INFO [ExpirationReaper-1], Stopped  (kafka.server.DelayedOperationPurgatory$ExpiredOperationReaper)
[2017-05-12 23:11:46,529] INFO [ExpirationReaper-1], Shutdown completed (kafka.server.DelayedOperationPurgatory$ExpiredOperationReaper)
[2017-05-12 23:11:46,529] INFO [GroupCoordinator 1]: Shutdown complete. (kafka.coordinator.GroupCoordinator)
[2017-05-12 23:11:46,530] INFO Shutting down. (kafka.log.LogManager)
[2017-05-12 23:11:46,533] INFO Shutdown complete. (kafka.log.LogManager)
[2017-05-12 23:11:46,554] INFO [Kafka Server 1], shut down completed (kafka.server.KafkaServer)
